c:\googledrive\documents\visual studio 2013\projects\02_01s_test\前期制作_test\program\debug\vc120.pdb
c:\googledrive\documents\visual studio 2013\projects\02_01s_test\前期制作_test\program\debug\vc120.idb
c:\googledrive\documents\visual studio 2013\projects\02_01s_test\前期制作_test\program\debug\2dlib.nativecodeanalysis.xml
c:\googledrive\documents\visual studio 2013\projects\02_01s_test\前期制作_test\program\debug\ckey.nativecodeanalysis.xml
c:\googledrive\documents\visual studio 2013\projects\02_01s_test\前期制作_test\program\debug\cmain.nativecodeanalysis.xml
c:\googledrive\documents\visual studio 2013\projects\02_01s_test\前期制作_test\program\debug\cmyrect.nativecodeanalysis.xml
c:\googledrive\documents\visual studio 2013\projects\02_01s_test\前期制作_test\program\debug\crectangle.nativecodeanalysis.xml
c:\googledrive\documents\visual studio 2013\projects\02_01s_test\前期制作_test\program\debug\csavefile.nativecodeanalysis.xml
c:\googledrive\documents\visual studio 2013\projects\02_01s_test\前期制作_test\program\debug\cscenebattle.nativecodeanalysis.xml
c:\googledrive\documents\visual studio 2013\projects\02_01s_test\前期制作_test\program\debug\cscenechange.nativecodeanalysis.xml
c:\googledrive\documents\visual studio 2013\projects\02_01s_test\前期制作_test\program\debug\cscenemaps.nativecodeanalysis.xml
c:\googledrive\documents\visual studio 2013\projects\02_01s_test\前期制作_test\program\debug\cscenemenu.nativecodeanalysis.xml
c:\googledrive\documents\visual studio 2013\projects\02_01s_test\前期制作_test\program\debug\ctext.nativecodeanalysis.xml
c:\googledrive\documents\visual studio 2013\projects\02_01s_test\前期制作_test\program\debug\ctexture.nativecodeanalysis.xml
c:\googledrive\documents\visual studio 2013\projects\02_01s_test\前期制作_test\program\debug\main.nativecodeanalysis.xml
c:\googledrive\documents\visual studio 2013\projects\02_01s_test\前期制作_test\program\debug\main.obj
c:\googledrive\documents\visual studio 2013\projects\02_01s_test\前期制作_test\program\debug\ctexture.obj
c:\googledrive\documents\visual studio 2013\projects\02_01s_test\前期制作_test\program\debug\ctext.obj
c:\googledrive\documents\visual studio 2013\projects\02_01s_test\前期制作_test\program\debug\cscenemenu.obj
c:\googledrive\documents\visual studio 2013\projects\02_01s_test\前期制作_test\program\debug\cscenemaps.obj
c:\googledrive\documents\visual studio 2013\projects\02_01s_test\前期制作_test\program\debug\cscenechange.obj
c:\googledrive\documents\visual studio 2013\projects\02_01s_test\前期制作_test\program\debug\cscenebattle.obj
c:\googledrive\documents\visual studio 2013\projects\02_01s_test\前期制作_test\program\debug\csavefile.obj
c:\googledrive\documents\visual studio 2013\projects\02_01s_test\前期制作_test\program\debug\crectangle.obj
c:\googledrive\documents\visual studio 2013\projects\02_01s_test\前期制作_test\program\debug\cmyrect.obj
c:\googledrive\documents\visual studio 2013\projects\02_01s_test\前期制作_test\program\debug\cmain.obj
c:\googledrive\documents\visual studio 2013\projects\02_01s_test\前期制作_test\program\debug\ckey.obj
c:\googledrive\documents\visual studio 2013\projects\02_01s_test\前期制作_test\program\debug\2dlib.obj
c:\googledrive\documents\visual studio 2013\projects\02_01s_test\前期制作_test\program\debug\cachievementmanager.obj
c:\googledrive\documents\visual studio 2013\projects\02_01s_test\前期制作_test\program\debug\cachievements.obj
c:\googledrive\documents\visual studio 2013\projects\02_01s_test\前期制作_test\program\debug\achv0.obj
c:\googledrive\documents\visual studio 2013\projects\02_01s_test\前期制作_test\program\debug\achv1.obj
c:\googledrive\documents\visual studio 2013\projects\02_01s_test\前期制作_test\debug\program.ilk
c:\googledrive\documents\visual studio 2013\projects\02_01s_test\前期制作_test\debug\program.exe
c:\googledrive\documents\visual studio 2013\projects\02_01s_test\前期制作_test\debug\program.pdb
c:\googledrive\documents\visual studio 2013\projects\02_01s_test\前期制作_test\program\debug\program.tlog\cl.command.1.tlog
c:\googledrive\documents\visual studio 2013\projects\02_01s_test\前期制作_test\program\debug\program.tlog\cl.read.1.tlog
c:\googledrive\documents\visual studio 2013\projects\02_01s_test\前期制作_test\program\debug\program.tlog\cl.write.1.tlog
c:\googledrive\documents\visual studio 2013\projects\02_01s_test\前期制作_test\program\debug\program.tlog\link.command.1.tlog
c:\googledrive\documents\visual studio 2013\projects\02_01s_test\前期制作_test\program\debug\program.tlog\link.read.1.tlog
c:\googledrive\documents\visual studio 2013\projects\02_01s_test\前期制作_test\program\debug\program.tlog\link.write.1.tlog
