2018/07/27 15:08:17 にビルドを開始しました。
     1>ノード 2 上のプロジェクト "C:\Users\Rei_men01\Desktop\ゲーム制作　夏休み\GameProject\Game_20180727\GameProgramming\GameProgramming.vcxproj" (Build ターゲット)。
     1>ResourceCompile:
         C:\Program Files (x86)\Windows Kits\8.1\bin\x86\rc.exe /l"0x0409" /nologo /fo"Debug\Resource.res" Resource.rc 
       Link:
         C:\Program Files (x86)\Microsoft Visual Studio 12.0\VC\bin\link.exe /ERRORREPORT:PROMPT /OUT:"C:\Users\Rei_men01\Desktop\ゲーム制作　夏休み\GameProject\Game_20180727\Debug\GameProgramming.exe" /INCREMENTAL /NOLOGO glew32.lib glfw3.lib glfw3dll.lib kernel32.lib user32.lib gdi32.lib winspool.lib comdlg32.lib advapi32.lib shell32.lib ole32.lib oleaut32.lib uuid.lib odbc32.lib odbccp32.lib /MANIFEST /MANIFESTUAC:"level='asInvoker' uiAccess='false'" /manifest:embed /DEBUG /PDB:"C:\Users\Rei_men01\Desktop\ゲーム制作　夏休み\GameProject\Game_20180727\Debug\GameProgramming.pdb" /TLBID:1 /DYNAMICBASE /NXCOMPAT /IMPLIB:"C:\Users\Rei_men01\Desktop\ゲーム制作　夏休み\GameProject\Game_20180727\Debug\GameProgramming.lib" /MACHINE:X86 Debug\Resource.res
         Debug\CCharcter.obj
         Debug\CGamePad.obj
         Debug\CKey.obj
         Debug\CMain.obj
         Debug\CMatrix33.obj
         Debug\CRectangle.obj
         Debug\CTaskManager.obj
         Debug\CText.obj
         Debug\CTexture.obj
         Debug\CVector2.obj
         Debug\CXInput.obj
         Debug\main.obj
         GameProgramming.vcxproj -> C:\Users\Rei_men01\Desktop\ゲーム制作　夏休み\GameProject\Game_20180727\Debug\GameProgramming.exe
     1>プロジェクト "C:\Users\Rei_men01\Desktop\ゲーム制作　夏休み\GameProject\Game_20180727\GameProgramming\GameProgramming.vcxproj" (Build ターゲット) のビルドが完了しました。

ビルドに成功しました。

経過時間 00:00:00.43
