  CWeapon.cpp
c:\users\ren\desktop\teama\gameproject\game_alpha\gameprogramming\csound.h(29): warning C4996: 'sprintf': This function or variable may be unsafe. Consider using sprintf_s instead. To disable deprecation, use _CRT_SECURE_NO_WARNINGS. See online help for details.
          c:\program files (x86)\microsoft visual studio 12.0\vc\include\stdio.h(356) : 'sprintf' の宣言を確認してください。
c:\users\ren\desktop\teama\gameproject\game_alpha\gameprogramming\csound.h(39): warning C4996: 'strcpy': This function or variable may be unsafe. Consider using strcpy_s instead. To disable deprecation, use _CRT_SECURE_NO_WARNINGS. See online help for details.
          c:\program files (x86)\microsoft visual studio 12.0\vc\include\string.h(112) : 'strcpy' の宣言を確認してください。
  CPlayerT.cpp
c:\program files (x86)\windows kits\8.1\include\shared\minwindef.h(130): warning C4005: 'APIENTRY' : マクロが再定義されました。
          c:\users\ren\desktop\teama\gameproject\game_alpha\gameprogramming\include\glfw\glfw3.h(98) : 'APIENTRY' の前の定義を確認してください
c:\users\ren\desktop\teama\gameproject\game_alpha\gameprogramming\csound.h(29): warning C4996: 'sprintf': This function or variable may be unsafe. Consider using sprintf_s instead. To disable deprecation, use _CRT_SECURE_NO_WARNINGS. See online help for details.
          c:\program files (x86)\microsoft visual studio 12.0\vc\include\stdio.h(356) : 'sprintf' の宣言を確認してください。
c:\users\ren\desktop\teama\gameproject\game_alpha\gameprogramming\csound.h(39): warning C4996: 'strcpy': This function or variable may be unsafe. Consider using strcpy_s instead. To disable deprecation, use _CRT_SECURE_NO_WARNINGS. See online help for details.
          c:\program files (x86)\microsoft visual studio 12.0\vc\include\string.h(112) : 'strcpy' の宣言を確認してください。
c:\users\ren\desktop\teama\gameproject\game_alpha\gameprogramming\cmapscroll.h(8): warning C4005: 'SCROLL_SPEED' : マクロが再定義されました。
          c:\users\ren\desktop\teama\gameproject\game_alpha\gameprogramming\cmap.h(16) : 'SCROLL_SPEED' の前の定義を確認してください
c:\users\ren\desktop\teama\gameproject\game_alpha\gameprogramming\cplayert.cpp(6): warning C4005: 'PLAYER_VELOCITY_X' : マクロが再定義されました。
          c:\users\ren\desktop\teama\gameproject\game_alpha\gameprogramming\cplayert.h(9) : 'PLAYER_VELOCITY_X' の前の定義を確認してください
  CMapSteel.cpp
c:\users\ren\desktop\teama\gameproject\game_alpha\gameprogramming\csound.h(29): warning C4996: 'sprintf': This function or variable may be unsafe. Consider using sprintf_s instead. To disable deprecation, use _CRT_SECURE_NO_WARNINGS. See online help for details.
          c:\program files (x86)\microsoft visual studio 12.0\vc\include\stdio.h(356) : 'sprintf' の宣言を確認してください。
c:\users\ren\desktop\teama\gameproject\game_alpha\gameprogramming\csound.h(39): warning C4996: 'strcpy': This function or variable may be unsafe. Consider using strcpy_s instead. To disable deprecation, use _CRT_SECURE_NO_WARNINGS. See online help for details.
          c:\program files (x86)\microsoft visual studio 12.0\vc\include\string.h(112) : 'strcpy' の宣言を確認してください。
  CMapSign.cpp
c:\users\ren\desktop\teama\gameproject\game_alpha\gameprogramming\csound.h(29): warning C4996: 'sprintf': This function or variable may be unsafe. Consider using sprintf_s instead. To disable deprecation, use _CRT_SECURE_NO_WARNINGS. See online help for details.
          c:\program files (x86)\microsoft visual studio 12.0\vc\include\stdio.h(356) : 'sprintf' の宣言を確認してください。
c:\users\ren\desktop\teama\gameproject\game_alpha\gameprogramming\csound.h(39): warning C4996: 'strcpy': This function or variable may be unsafe. Consider using strcpy_s instead. To disable deprecation, use _CRT_SECURE_NO_WARNINGS. See online help for details.
          c:\program files (x86)\microsoft visual studio 12.0\vc\include\string.h(112) : 'strcpy' の宣言を確認してください。
c:\users\ren\desktop\teama\gameproject\game_alpha\gameprogramming\cmapsign.h(49): warning C4996: 'swprintf': swprintf has been changed to conform with the ISO C standard, adding an extra character count parameter. To use traditional Microsoft swprintf, set _CRT_NON_CONFORMING_SWPRINTFS.
          c:\program files (x86)\microsoft visual studio 12.0\vc\include\swprintf.inl(85) : 'swprintf' の宣言を確認してください。
  CMapScroll.cpp
c:\users\ren\desktop\teama\gameproject\game_alpha\gameprogramming\csound.h(29): warning C4996: 'sprintf': This function or variable may be unsafe. Consider using sprintf_s instead. To disable deprecation, use _CRT_SECURE_NO_WARNINGS. See online help for details.
          c:\program files (x86)\microsoft visual studio 12.0\vc\include\stdio.h(356) : 'sprintf' の宣言を確認してください。
c:\users\ren\desktop\teama\gameproject\game_alpha\gameprogramming\csound.h(39): warning C4996: 'strcpy': This function or variable may be unsafe. Consider using strcpy_s instead. To disable deprecation, use _CRT_SECURE_NO_WARNINGS. See online help for details.
          c:\program files (x86)\microsoft visual studio 12.0\vc\include\string.h(112) : 'strcpy' の宣言を確認してください。
c:\users\ren\desktop\teama\gameproject\game_alpha\gameprogramming\cmapscroll.h(8): warning C4005: 'SCROLL_SPEED' : マクロが再定義されました。
          c:\users\ren\desktop\teama\gameproject\game_alpha\gameprogramming\cmap.h(16) : 'SCROLL_SPEED' の前の定義を確認してください
c:\users\ren\desktop\teama\gameproject\game_alpha\gameprogramming\cmapsign.h(49): warning C4996: 'swprintf': swprintf has been changed to conform with the ISO C standard, adding an extra character count parameter. To use traditional Microsoft swprintf, set _CRT_NON_CONFORMING_SWPRINTFS.
          c:\program files (x86)\microsoft visual studio 12.0\vc\include\swprintf.inl(85) : 'swprintf' の宣言を確認してください。
  CMapIce.cpp
c:\users\ren\desktop\teama\gameproject\game_alpha\gameprogramming\csound.h(29): warning C4996: 'sprintf': This function or variable may be unsafe. Consider using sprintf_s instead. To disable deprecation, use _CRT_SECURE_NO_WARNINGS. See online help for details.
          c:\program files (x86)\microsoft visual studio 12.0\vc\include\stdio.h(356) : 'sprintf' の宣言を確認してください。
c:\users\ren\desktop\teama\gameproject\game_alpha\gameprogramming\csound.h(39): warning C4996: 'strcpy': This function or variable may be unsafe. Consider using strcpy_s instead. To disable deprecation, use _CRT_SECURE_NO_WARNINGS. See online help for details.
          c:\program files (x86)\microsoft visual studio 12.0\vc\include\string.h(112) : 'strcpy' の宣言を確認してください。
  CMapChikuwa.cpp
c:\users\ren\desktop\teama\gameproject\game_alpha\gameprogramming\csound.h(29): warning C4996: 'sprintf': This function or variable may be unsafe. Consider using sprintf_s instead. To disable deprecation, use _CRT_SECURE_NO_WARNINGS. See online help for details.
          c:\program files (x86)\microsoft visual studio 12.0\vc\include\stdio.h(356) : 'sprintf' の宣言を確認してください。
c:\users\ren\desktop\teama\gameproject\game_alpha\gameprogramming\csound.h(39): warning C4996: 'strcpy': This function or variable may be unsafe. Consider using strcpy_s instead. To disable deprecation, use _CRT_SECURE_NO_WARNINGS. See online help for details.
          c:\program files (x86)\microsoft visual studio 12.0\vc\include\string.h(112) : 'strcpy' の宣言を確認してください。
  CMapBox.cpp
c:\users\ren\desktop\teama\gameproject\game_alpha\gameprogramming\csound.h(29): warning C4996: 'sprintf': This function or variable may be unsafe. Consider using sprintf_s instead. To disable deprecation, use _CRT_SECURE_NO_WARNINGS. See online help for details.
          c:\program files (x86)\microsoft visual studio 12.0\vc\include\stdio.h(356) : 'sprintf' の宣言を確認してください。
c:\users\ren\desktop\teama\gameproject\game_alpha\gameprogramming\csound.h(39): warning C4996: 'strcpy': This function or variable may be unsafe. Consider using strcpy_s instead. To disable deprecation, use _CRT_SECURE_NO_WARNINGS. See online help for details.
          c:\program files (x86)\microsoft visual studio 12.0\vc\include\string.h(112) : 'strcpy' の宣言を確認してください。
  CMapBelt.cpp
c:\users\ren\desktop\teama\gameproject\game_alpha\gameprogramming\csound.h(29): warning C4996: 'sprintf': This function or variable may be unsafe. Consider using sprintf_s instead. To disable deprecation, use _CRT_SECURE_NO_WARNINGS. See online help for details.
          c:\program files (x86)\microsoft visual studio 12.0\vc\include\stdio.h(356) : 'sprintf' の宣言を確認してください。
c:\users\ren\desktop\teama\gameproject\game_alpha\gameprogramming\csound.h(39): warning C4996: 'strcpy': This function or variable may be unsafe. Consider using strcpy_s instead. To disable deprecation, use _CRT_SECURE_NO_WARNINGS. See online help for details.
          c:\program files (x86)\microsoft visual studio 12.0\vc\include\string.h(112) : 'strcpy' の宣言を確認してください。
c:\users\ren\desktop\teama\gameproject\game_alpha\gameprogramming\cmapbelt.cpp(15): warning C4554: '|' : 演算子の優先順位に問題があります。かっこを使用して優先順位を明確にしてください
  CEnemy.cpp
c:\users\ren\desktop\teama\gameproject\game_alpha\gameprogramming\csound.h(29): warning C4996: 'sprintf': This function or variable may be unsafe. Consider using sprintf_s instead. To disable deprecation, use _CRT_SECURE_NO_WARNINGS. See online help for details.
          c:\program files (x86)\microsoft visual studio 12.0\vc\include\stdio.h(356) : 'sprintf' の宣言を確認してください。
c:\users\ren\desktop\teama\gameproject\game_alpha\gameprogramming\csound.h(39): warning C4996: 'strcpy': This function or variable may be unsafe. Consider using strcpy_s instead. To disable deprecation, use _CRT_SECURE_NO_WARNINGS. See online help for details.
          c:\program files (x86)\microsoft visual studio 12.0\vc\include\string.h(112) : 'strcpy' の宣言を確認してください。
  CEditer.cpp
c:\users\ren\desktop\teama\gameproject\game_alpha\gameprogramming\csound.h(29): warning C4996: 'sprintf': This function or variable may be unsafe. Consider using sprintf_s instead. To disable deprecation, use _CRT_SECURE_NO_WARNINGS. See online help for details.
          c:\program files (x86)\microsoft visual studio 12.0\vc\include\stdio.h(356) : 'sprintf' の宣言を確認してください。
c:\users\ren\desktop\teama\gameproject\game_alpha\gameprogramming\csound.h(39): warning C4996: 'strcpy': This function or variable may be unsafe. Consider using strcpy_s instead. To disable deprecation, use _CRT_SECURE_NO_WARNINGS. See online help for details.
          c:\program files (x86)\microsoft visual studio 12.0\vc\include\string.h(112) : 'strcpy' の宣言を確認してください。
c:\users\ren\desktop\teama\gameproject\game_alpha\gameprogramming\cmapsign.h(49): warning C4996: 'swprintf': swprintf has been changed to conform with the ISO C standard, adding an extra character count parameter. To use traditional Microsoft swprintf, set _CRT_NON_CONFORMING_SWPRINTFS.
          c:\program files (x86)\microsoft visual studio 12.0\vc\include\swprintf.inl(85) : 'swprintf' の宣言を確認してください。
  CBoss.cpp
c:\program files (x86)\windows kits\8.1\include\shared\minwindef.h(130): warning C4005: 'APIENTRY' : マクロが再定義されました。
          c:\users\ren\desktop\teama\gameproject\game_alpha\gameprogramming\include\glfw\glfw3.h(98) : 'APIENTRY' の前の定義を確認してください
c:\users\ren\desktop\teama\gameproject\game_alpha\gameprogramming\csound.h(29): warning C4996: 'sprintf': This function or variable may be unsafe. Consider using sprintf_s instead. To disable deprecation, use _CRT_SECURE_NO_WARNINGS. See online help for details.
          c:\program files (x86)\microsoft visual studio 12.0\vc\include\stdio.h(356) : 'sprintf' の宣言を確認してください。
c:\users\ren\desktop\teama\gameproject\game_alpha\gameprogramming\csound.h(39): warning C4996: 'strcpy': This function or variable may be unsafe. Consider using strcpy_s instead. To disable deprecation, use _CRT_SECURE_NO_WARNINGS. See online help for details.
          c:\program files (x86)\microsoft visual studio 12.0\vc\include\string.h(112) : 'strcpy' の宣言を確認してください。
  コードを生成中...
  コンパイル中...
  main.cpp
c:\users\ren\desktop\teama\gameproject\game_alpha\gameprogramming\csound.h(29): warning C4996: 'sprintf': This function or variable may be unsafe. Consider using sprintf_s instead. To disable deprecation, use _CRT_SECURE_NO_WARNINGS. See online help for details.
          c:\program files (x86)\microsoft visual studio 12.0\vc\include\stdio.h(356) : 'sprintf' の宣言を確認してください。
c:\users\ren\desktop\teama\gameproject\game_alpha\gameprogramming\csound.h(39): warning C4996: 'strcpy': This function or variable may be unsafe. Consider using strcpy_s instead. To disable deprecation, use _CRT_SECURE_NO_WARNINGS. See online help for details.
          c:\program files (x86)\microsoft visual studio 12.0\vc\include\string.h(112) : 'strcpy' の宣言を確認してください。
  CTitle.cpp
c:\users\ren\desktop\teama\gameproject\game_alpha\gameprogramming\csound.h(29): warning C4996: 'sprintf': This function or variable may be unsafe. Consider using sprintf_s instead. To disable deprecation, use _CRT_SECURE_NO_WARNINGS. See online help for details.
          c:\program files (x86)\microsoft visual studio 12.0\vc\include\stdio.h(356) : 'sprintf' の宣言を確認してください。
c:\users\ren\desktop\teama\gameproject\game_alpha\gameprogramming\csound.h(39): warning C4996: 'strcpy': This function or variable may be unsafe. Consider using strcpy_s instead. To disable deprecation, use _CRT_SECURE_NO_WARNINGS. See online help for details.
          c:\program files (x86)\microsoft visual studio 12.0\vc\include\string.h(112) : 'strcpy' の宣言を確認してください。
c:\users\ren\desktop\teama\gameproject\game_alpha\gameprogramming\ctitle.cpp(48): warning C4996: '_sleep': This function or variable has been superceded by newer library or operating system functionality. Consider using Sleep instead. See online help for details.
          c:\program files (x86)\microsoft visual studio 12.0\vc\include\stdlib.h(911) : '_sleep' の宣言を確認してください。
c:\users\ren\desktop\teama\gameproject\game_alpha\gameprogramming\ctitle.cpp(62): warning C4996: 'swprintf': swprintf has been changed to conform with the ISO C standard, adding an extra character count parameter. To use traditional Microsoft swprintf, set _CRT_NON_CONFORMING_SWPRINTFS.
          c:\program files (x86)\microsoft visual studio 12.0\vc\include\swprintf.inl(85) : 'swprintf' の宣言を確認してください。
c:\users\ren\desktop\teama\gameproject\game_alpha\gameprogramming\ctitle.cpp(66): warning C4996: 'swprintf': swprintf has been changed to conform with the ISO C standard, adding an extra character count parameter. To use traditional Microsoft swprintf, set _CRT_NON_CONFORMING_SWPRINTFS.
          c:\program files (x86)\microsoft visual studio 12.0\vc\include\swprintf.inl(85) : 'swprintf' の宣言を確認してください。
c:\users\ren\desktop\teama\gameproject\game_alpha\gameprogramming\ctitle.cpp(70): warning C4996: 'swprintf': swprintf has been changed to conform with the ISO C standard, adding an extra character count parameter. To use traditional Microsoft swprintf, set _CRT_NON_CONFORMING_SWPRINTFS.
          c:\program files (x86)\microsoft visual studio 12.0\vc\include\swprintf.inl(85) : 'swprintf' の宣言を確認してください。
c:\users\ren\desktop\teama\gameproject\game_alpha\gameprogramming\ctitle.cpp(74): warning C4996: 'swprintf': swprintf has been changed to conform with the ISO C standard, adding an extra character count parameter. To use traditional Microsoft swprintf, set _CRT_NON_CONFORMING_SWPRINTFS.
          c:\program files (x86)\microsoft visual studio 12.0\vc\include\swprintf.inl(85) : 'swprintf' の宣言を確認してください。
  CTaskManager.cpp
c:\users\ren\desktop\teama\gameproject\game_alpha\gameprogramming\csound.h(29): warning C4996: 'sprintf': This function or variable may be unsafe. Consider using sprintf_s instead. To disable deprecation, use _CRT_SECURE_NO_WARNINGS. See online help for details.
          c:\program files (x86)\microsoft visual studio 12.0\vc\include\stdio.h(356) : 'sprintf' の宣言を確認してください。
c:\users\ren\desktop\teama\gameproject\game_alpha\gameprogramming\csound.h(39): warning C4996: 'strcpy': This function or variable may be unsafe. Consider using strcpy_s instead. To disable deprecation, use _CRT_SECURE_NO_WARNINGS. See online help for details.
          c:\program files (x86)\microsoft visual studio 12.0\vc\include\string.h(112) : 'strcpy' の宣言を確認してください。
  CScore.cpp
c:\users\ren\desktop\teama\gameproject\game_alpha\gameprogramming\csound.h(29): warning C4996: 'sprintf': This function or variable may be unsafe. Consider using sprintf_s instead. To disable deprecation, use _CRT_SECURE_NO_WARNINGS. See online help for details.
          c:\program files (x86)\microsoft visual studio 12.0\vc\include\stdio.h(356) : 'sprintf' の宣言を確認してください。
c:\users\ren\desktop\teama\gameproject\game_alpha\gameprogramming\csound.h(39): warning C4996: 'strcpy': This function or variable may be unsafe. Consider using strcpy_s instead. To disable deprecation, use _CRT_SECURE_NO_WARNINGS. See online help for details.
          c:\program files (x86)\microsoft visual studio 12.0\vc\include\string.h(112) : 'strcpy' の宣言を確認してください。
c:\users\ren\desktop\teama\gameproject\game_alpha\gameprogramming\cscore.cpp(12): warning C4309: '初期化中' : 定数値が切り捨てられました。
c:\users\ren\desktop\teama\gameproject\game_alpha\gameprogramming\cscore.cpp(36): warning C4996: 'swprintf': swprintf has been changed to conform with the ISO C standard, adding an extra character count parameter. To use traditional Microsoft swprintf, set _CRT_NON_CONFORMING_SWPRINTFS.
          c:\program files (x86)\microsoft visual studio 12.0\vc\include\swprintf.inl(85) : 'swprintf' の宣言を確認してください。
c:\users\ren\desktop\teama\gameproject\game_alpha\gameprogramming\cscore.cpp(40): warning C4996: 'swprintf': swprintf has been changed to conform with the ISO C standard, adding an extra character count parameter. To use traditional Microsoft swprintf, set _CRT_NON_CONFORMING_SWPRINTFS.
          c:\program files (x86)\microsoft visual studio 12.0\vc\include\swprintf.inl(85) : 'swprintf' の宣言を確認してください。
c:\users\ren\desktop\teama\gameproject\game_alpha\gameprogramming\cscore.cpp(44): warning C4996: 'swprintf': swprintf has been changed to conform with the ISO C standard, adding an extra character count parameter. To use traditional Microsoft swprintf, set _CRT_NON_CONFORMING_SWPRINTFS.
          c:\program files (x86)\microsoft visual studio 12.0\vc\include\swprintf.inl(85) : 'swprintf' の宣言を確認してください。
c:\users\ren\desktop\teama\gameproject\game_alpha\gameprogramming\cscore.cpp(48): warning C4996: 'swprintf': swprintf has been changed to conform with the ISO C standard, adding an extra character count parameter. To use traditional Microsoft swprintf, set _CRT_NON_CONFORMING_SWPRINTFS.
          c:\program files (x86)\microsoft visual studio 12.0\vc\include\swprintf.inl(85) : 'swprintf' の宣言を確認してください。
c:\users\ren\desktop\teama\gameproject\game_alpha\gameprogramming\cscore.cpp(50): warning C4996: 'swprintf': swprintf has been changed to conform with the ISO C standard, adding an extra character count parameter. To use traditional Microsoft swprintf, set _CRT_NON_CONFORMING_SWPRINTFS.
          c:\program files (x86)\microsoft visual studio 12.0\vc\include\swprintf.inl(85) : 'swprintf' の宣言を確認してください。
c:\users\ren\desktop\teama\gameproject\game_alpha\gameprogramming\cscore.cpp(94): warning C4996: 'sprintf': This function or variable may be unsafe. Consider using sprintf_s instead. To disable deprecation, use _CRT_SECURE_NO_WARNINGS. See online help for details.
          c:\program files (x86)\microsoft visual studio 12.0\vc\include\stdio.h(356) : 'sprintf' の宣言を確認してください。
c:\users\ren\desktop\teama\gameproject\game_alpha\gameprogramming\cscore.cpp(112): warning C4996: 'swprintf': swprintf has been changed to conform with the ISO C standard, adding an extra character count parameter. To use traditional Microsoft swprintf, set _CRT_NON_CONFORMING_SWPRINTFS.
          c:\program files (x86)\microsoft visual studio 12.0\vc\include\swprintf.inl(85) : 'swprintf' の宣言を確認してください。
c:\users\ren\desktop\teama\gameproject\game_alpha\gameprogramming\cscore.cpp(115): warning C4996: 'swprintf': swprintf has been changed to conform with the ISO C standard, adding an extra character count parameter. To use traditional Microsoft swprintf, set _CRT_NON_CONFORMING_SWPRINTFS.
          c:\program files (x86)\microsoft visual studio 12.0\vc\include\swprintf.inl(85) : 'swprintf' の宣言を確認してください。
c:\users\ren\desktop\teama\gameproject\game_alpha\gameprogramming\cscore.cpp(117): warning C4996: 'swprintf': swprintf has been changed to conform with the ISO C standard, adding an extra character count parameter. To use traditional Microsoft swprintf, set _CRT_NON_CONFORMING_SWPRINTFS.
          c:\program files (x86)\microsoft visual studio 12.0\vc\include\swprintf.inl(85) : 'swprintf' の宣言を確認してください。
c:\users\ren\desktop\teama\gameproject\game_alpha\gameprogramming\cscore.cpp(119): warning C4996: 'sprintf': This function or variable may be unsafe. Consider using sprintf_s instead. To disable deprecation, use _CRT_SECURE_NO_WARNINGS. See online help for details.
          c:\program files (x86)\microsoft visual studio 12.0\vc\include\stdio.h(356) : 'sprintf' の宣言を確認してください。
c:\users\ren\desktop\teama\gameproject\game_alpha\gameprogramming\cscore.cpp(131): warning C4996: 'strcpy': This function or variable may be unsafe. Consider using strcpy_s instead. To disable deprecation, use _CRT_SECURE_NO_WARNINGS. See online help for details.
          c:\program files (x86)\microsoft visual studio 12.0\vc\include\string.h(112) : 'strcpy' の宣言を確認してください。
c:\users\ren\desktop\teama\gameproject\game_alpha\gameprogramming\cscore.cpp(132): warning C4996: 'strcpy': This function or variable may be unsafe. Consider using strcpy_s instead. To disable deprecation, use _CRT_SECURE_NO_WARNINGS. See online help for details.
          c:\program files (x86)\microsoft visual studio 12.0\vc\include\string.h(112) : 'strcpy' の宣言を確認してください。
c:\users\ren\desktop\teama\gameproject\game_alpha\gameprogramming\cscore.cpp(133): warning C4996: 'strcpy': This function or variable may be unsafe. Consider using strcpy_s instead. To disable deprecation, use _CRT_SECURE_NO_WARNINGS. See online help for details.
          c:\program files (x86)\microsoft visual studio 12.0\vc\include\string.h(112) : 'strcpy' の宣言を確認してください。
c:\users\ren\desktop\teama\gameproject\game_alpha\gameprogramming\cscore.cpp(138): warning C4996: 'strcpy': This function or variable may be unsafe. Consider using strcpy_s instead. To disable deprecation, use _CRT_SECURE_NO_WARNINGS. See online help for details.
          c:\program files (x86)\microsoft visual studio 12.0\vc\include\string.h(112) : 'strcpy' の宣言を確認してください。
c:\users\ren\desktop\teama\gameproject\game_alpha\gameprogramming\cscore.cpp(139): warning C4996: 'strcpy': This function or variable may be unsafe. Consider using strcpy_s instead. To disable deprecation, use _CRT_SECURE_NO_WARNINGS. See online help for details.
          c:\program files (x86)\microsoft visual studio 12.0\vc\include\string.h(112) : 'strcpy' の宣言を確認してください。
c:\users\ren\desktop\teama\gameproject\game_alpha\gameprogramming\cscore.cpp(143): warning C4996: 'strcpy': This function or variable may be unsafe. Consider using strcpy_s instead. To disable deprecation, use _CRT_SECURE_NO_WARNINGS. See online help for details.
          c:\program files (x86)\microsoft visual studio 12.0\vc\include\string.h(112) : 'strcpy' の宣言を確認してください。
  CSceneChange.cpp
c:\users\ren\desktop\teama\gameproject\game_alpha\gameprogramming\csound.h(29): warning C4996: 'sprintf': This function or variable may be unsafe. Consider using sprintf_s instead. To disable deprecation, use _CRT_SECURE_NO_WARNINGS. See online help for details.
          c:\program files (x86)\microsoft visual studio 12.0\vc\include\stdio.h(356) : 'sprintf' の宣言を確認してください。
c:\users\ren\desktop\teama\gameproject\game_alpha\gameprogramming\csound.h(39): warning C4996: 'strcpy': This function or variable may be unsafe. Consider using strcpy_s instead. To disable deprecation, use _CRT_SECURE_NO_WARNINGS. See online help for details.
          c:\program files (x86)\microsoft visual studio 12.0\vc\include\string.h(112) : 'strcpy' の宣言を確認してください。
  CRectangle.cpp
  CMapChip.cpp
c:\users\ren\desktop\teama\gameproject\game_alpha\gameprogramming\csound.h(29): warning C4996: 'sprintf': This function or variable may be unsafe. Consider using sprintf_s instead. To disable deprecation, use _CRT_SECURE_NO_WARNINGS. See online help for details.
          c:\program files (x86)\microsoft visual studio 12.0\vc\include\stdio.h(356) : 'sprintf' の宣言を確認してください。
c:\users\ren\desktop\teama\gameproject\game_alpha\gameprogramming\csound.h(39): warning C4996: 'strcpy': This function or variable may be unsafe. Consider using strcpy_s instead. To disable deprecation, use _CRT_SECURE_NO_WARNINGS. See online help for details.
          c:\program files (x86)\microsoft visual studio 12.0\vc\include\string.h(112) : 'strcpy' の宣言を確認してください。
  CMainGame.cpp
c:\users\ren\desktop\teama\gameproject\game_alpha\gameprogramming\csound.h(29): warning C4996: 'sprintf': This function or variable may be unsafe. Consider using sprintf_s instead. To disable deprecation, use _CRT_SECURE_NO_WARNINGS. See online help for details.
          c:\program files (x86)\microsoft visual studio 12.0\vc\include\stdio.h(356) : 'sprintf' の宣言を確認してください。
c:\users\ren\desktop\teama\gameproject\game_alpha\gameprogramming\csound.h(39): warning C4996: 'strcpy': This function or variable may be unsafe. Consider using strcpy_s instead. To disable deprecation, use _CRT_SECURE_NO_WARNINGS. See online help for details.
          c:\program files (x86)\microsoft visual studio 12.0\vc\include\string.h(112) : 'strcpy' の宣言を確認してください。
c:\users\ren\desktop\teama\gameproject\game_alpha\gameprogramming\cmaingame.cpp(219): warning C4996: 'swprintf': swprintf has been changed to conform with the ISO C standard, adding an extra character count parameter. To use traditional Microsoft swprintf, set _CRT_NON_CONFORMING_SWPRINTFS.
          c:\program files (x86)\microsoft visual studio 12.0\vc\include\swprintf.inl(85) : 'swprintf' の宣言を確認してください。
c:\users\ren\desktop\teama\gameproject\game_alpha\gameprogramming\cmaingame.cpp(223): warning C4996: 'swprintf': swprintf has been changed to conform with the ISO C standard, adding an extra character count parameter. To use traditional Microsoft swprintf, set _CRT_NON_CONFORMING_SWPRINTFS.
          c:\program files (x86)\microsoft visual studio 12.0\vc\include\swprintf.inl(85) : 'swprintf' の宣言を確認してください。
  CMain.cpp
c:\users\ren\desktop\teama\gameproject\game_alpha\gameprogramming\csound.h(29): warning C4996: 'sprintf': This function or variable may be unsafe. Consider using sprintf_s instead. To disable deprecation, use _CRT_SECURE_NO_WARNINGS. See online help for details.
          c:\program files (x86)\microsoft visual studio 12.0\vc\include\stdio.h(356) : 'sprintf' の宣言を確認してください。
c:\users\ren\desktop\teama\gameproject\game_alpha\gameprogramming\csound.h(39): warning C4996: 'strcpy': This function or variable may be unsafe. Consider using strcpy_s instead. To disable deprecation, use _CRT_SECURE_NO_WARNINGS. See online help for details.
          c:\program files (x86)\microsoft visual studio 12.0\vc\include\string.h(112) : 'strcpy' の宣言を確認してください。
c:\users\ren\desktop\teama\gameproject\game_alpha\gameprogramming\cmain.cpp(23): warning C4996: 'swprintf': swprintf has been changed to conform with the ISO C standard, adding an extra character count parameter. To use traditional Microsoft swprintf, set _CRT_NON_CONFORMING_SWPRINTFS.
          c:\program files (x86)\microsoft visual studio 12.0\vc\include\swprintf.inl(85) : 'swprintf' の宣言を確認してください。
c:\users\ren\desktop\teama\gameproject\game_alpha\gameprogramming\cmain.cpp(34): warning C4996: 'swprintf': swprintf has been changed to conform with the ISO C standard, adding an extra character count parameter. To use traditional Microsoft swprintf, set _CRT_NON_CONFORMING_SWPRINTFS.
          c:\program files (x86)\microsoft visual studio 12.0\vc\include\swprintf.inl(85) : 'swprintf' の宣言を確認してください。
c:\users\ren\desktop\teama\gameproject\game_alpha\gameprogramming\cmain.cpp(36): warning C4996: 'swprintf': swprintf has been changed to conform with the ISO C standard, adding an extra character count parameter. To use traditional Microsoft swprintf, set _CRT_NON_CONFORMING_SWPRINTFS.
          c:\program files (x86)\microsoft visual studio 12.0\vc\include\swprintf.inl(85) : 'swprintf' の宣言を確認してください。
c:\users\ren\desktop\teama\gameproject\game_alpha\gameprogramming\cmain.cpp(38): warning C4996: 'swprintf': swprintf has been changed to conform with the ISO C standard, adding an extra character count parameter. To use traditional Microsoft swprintf, set _CRT_NON_CONFORMING_SWPRINTFS.
          c:\program files (x86)\microsoft visual studio 12.0\vc\include\swprintf.inl(85) : 'swprintf' の宣言を確認してください。
c:\users\ren\desktop\teama\gameproject\game_alpha\gameprogramming\cmain.cpp(40): warning C4996: 'swprintf': swprintf has been changed to conform with the ISO C standard, adding an extra character count parameter. To use traditional Microsoft swprintf, set _CRT_NON_CONFORMING_SWPRINTFS.
          c:\program files (x86)\microsoft visual studio 12.0\vc\include\swprintf.inl(85) : 'swprintf' の宣言を確認してください。
c:\users\ren\desktop\teama\gameproject\game_alpha\gameprogramming\cmain.cpp(42): warning C4996: 'swprintf': swprintf has been changed to conform with the ISO C standard, adding an extra character count parameter. To use traditional Microsoft swprintf, set _CRT_NON_CONFORMING_SWPRINTFS.
          c:\program files (x86)\microsoft visual studio 12.0\vc\include\swprintf.inl(85) : 'swprintf' の宣言を確認してください。
c:\users\ren\desktop\teama\gameproject\game_alpha\gameprogramming\cmain.cpp(44): warning C4996: 'swprintf': swprintf has been changed to conform with the ISO C standard, adding an extra character count parameter. To use traditional Microsoft swprintf, set _CRT_NON_CONFORMING_SWPRINTFS.
          c:\program files (x86)\microsoft visual studio 12.0\vc\include\swprintf.inl(85) : 'swprintf' の宣言を確認してください。
c:\users\ren\desktop\teama\gameproject\game_alpha\gameprogramming\cmain.cpp(46): warning C4996: 'swprintf': swprintf has been changed to conform with the ISO C standard, adding an extra character count parameter. To use traditional Microsoft swprintf, set _CRT_NON_CONFORMING_SWPRINTFS.
          c:\program files (x86)\microsoft visual studio 12.0\vc\include\swprintf.inl(85) : 'swprintf' の宣言を確認してください。
c:\users\ren\desktop\teama\gameproject\game_alpha\gameprogramming\cmain.cpp(48): warning C4996: 'swprintf': swprintf has been changed to conform with the ISO C standard, adding an extra character count parameter. To use traditional Microsoft swprintf, set _CRT_NON_CONFORMING_SWPRINTFS.
          c:\program files (x86)\microsoft visual studio 12.0\vc\include\swprintf.inl(85) : 'swprintf' の宣言を確認してください。
c:\users\ren\desktop\teama\gameproject\game_alpha\gameprogramming\cmain.cpp(50): warning C4996: 'swprintf': swprintf has been changed to conform with the ISO C standard, adding an extra character count parameter. To use traditional Microsoft swprintf, set _CRT_NON_CONFORMING_SWPRINTFS.
          c:\program files (x86)\microsoft visual studio 12.0\vc\include\swprintf.inl(85) : 'swprintf' の宣言を確認してください。
c:\users\ren\desktop\teama\gameproject\game_alpha\gameprogramming\cmain.cpp(52): warning C4996: 'swprintf': swprintf has been changed to conform with the ISO C standard, adding an extra character count parameter. To use traditional Microsoft swprintf, set _CRT_NON_CONFORMING_SWPRINTFS.
          c:\program files (x86)\microsoft visual studio 12.0\vc\include\swprintf.inl(85) : 'swprintf' の宣言を確認してください。
c:\users\ren\desktop\teama\gameproject\game_alpha\gameprogramming\cmain.cpp(54): warning C4996: 'swprintf': swprintf has been changed to conform with the ISO C standard, adding an extra character count parameter. To use traditional Microsoft swprintf, set _CRT_NON_CONFORMING_SWPRINTFS.
          c:\program files (x86)\microsoft visual studio 12.0\vc\include\swprintf.inl(85) : 'swprintf' の宣言を確認してください。
c:\users\ren\desktop\teama\gameproject\game_alpha\gameprogramming\cmain.cpp(56): warning C4996: 'swprintf': swprintf has been changed to conform with the ISO C standard, adding an extra character count parameter. To use traditional Microsoft swprintf, set _CRT_NON_CONFORMING_SWPRINTFS.
          c:\program files (x86)\microsoft visual studio 12.0\vc\include\swprintf.inl(85) : 'swprintf' の宣言を確認してください。
c:\users\ren\desktop\teama\gameproject\game_alpha\gameprogramming\cmain.cpp(58): warning C4996: 'swprintf': swprintf has been changed to conform with the ISO C standard, adding an extra character count parameter. To use traditional Microsoft swprintf, set _CRT_NON_CONFORMING_SWPRINTFS.
          c:\program files (x86)\microsoft visual studio 12.0\vc\include\swprintf.inl(85) : 'swprintf' の宣言を確認してください。
c:\users\ren\desktop\teama\gameproject\game_alpha\gameprogramming\cmain.cpp(60): warning C4996: 'swprintf': swprintf has been changed to conform with the ISO C standard, adding an extra character count parameter. To use traditional Microsoft swprintf, set _CRT_NON_CONFORMING_SWPRINTFS.
          c:\program files (x86)\microsoft visual studio 12.0\vc\include\swprintf.inl(85) : 'swprintf' の宣言を確認してください。
c:\users\ren\desktop\teama\gameproject\game_alpha\gameprogramming\cmain.cpp(62): warning C4996: 'swprintf': swprintf has been changed to conform with the ISO C standard, adding an extra character count parameter. To use traditional Microsoft swprintf, set _CRT_NON_CONFORMING_SWPRINTFS.
          c:\program files (x86)\microsoft visual studio 12.0\vc\include\swprintf.inl(85) : 'swprintf' の宣言を確認してください。
c:\users\ren\desktop\teama\gameproject\game_alpha\gameprogramming\cmain.cpp(64): warning C4996: 'swprintf': swprintf has been changed to conform with the ISO C standard, adding an extra character count parameter. To use traditional Microsoft swprintf, set _CRT_NON_CONFORMING_SWPRINTFS.
          c:\program files (x86)\microsoft visual studio 12.0\vc\include\swprintf.inl(85) : 'swprintf' の宣言を確認してください。
c:\users\ren\desktop\teama\gameproject\game_alpha\gameprogramming\cmain.cpp(66): warning C4996: 'swprintf': swprintf has been changed to conform with the ISO C standard, adding an extra character count parameter. To use traditional Microsoft swprintf, set _CRT_NON_CONFORMING_SWPRINTFS.
          c:\program files (x86)\microsoft visual studio 12.0\vc\include\swprintf.inl(85) : 'swprintf' の宣言を確認してください。
c:\users\ren\desktop\teama\gameproject\game_alpha\gameprogramming\cmain.cpp(68): warning C4996: 'swprintf': swprintf has been changed to conform with the ISO C standard, adding an extra character count parameter. To use traditional Microsoft swprintf, set _CRT_NON_CONFORMING_SWPRINTFS.
          c:\program files (x86)\microsoft visual studio 12.0\vc\include\swprintf.inl(85) : 'swprintf' の宣言を確認してください。
c:\users\ren\desktop\teama\gameproject\game_alpha\gameprogramming\cmain.cpp(70): warning C4996: 'swprintf': swprintf has been changed to conform with the ISO C standard, adding an extra character count parameter. To use traditional Microsoft swprintf, set _CRT_NON_CONFORMING_SWPRINTFS.
          c:\program files (x86)\microsoft visual studio 12.0\vc\include\swprintf.inl(85) : 'swprintf' の宣言を確認してください。
c:\users\ren\desktop\teama\gameproject\game_alpha\gameprogramming\cmain.cpp(72): warning C4996: 'swprintf': swprintf has been changed to conform with the ISO C standard, adding an extra character count parameter. To use traditional Microsoft swprintf, set _CRT_NON_CONFORMING_SWPRINTFS.
          c:\program files (x86)\microsoft visual studio 12.0\vc\include\swprintf.inl(85) : 'swprintf' の宣言を確認してください。
c:\users\ren\desktop\teama\gameproject\game_alpha\gameprogramming\cmain.cpp(74): warning C4996: 'swprintf': swprintf has been changed to conform with the ISO C standard, adding an extra character count parameter. To use traditional Microsoft swprintf, set _CRT_NON_CONFORMING_SWPRINTFS.
          c:\program files (x86)\microsoft visual studio 12.0\vc\include\swprintf.inl(85) : 'swprintf' の宣言を確認してください。
c:\users\ren\desktop\teama\gameproject\game_alpha\gameprogramming\cmain.cpp(76): warning C4996: 'swprintf': swprintf has been changed to conform with the ISO C standard, adding an extra character count parameter. To use traditional Microsoft swprintf, set _CRT_NON_CONFORMING_SWPRINTFS.
          c:\program files (x86)\microsoft visual studio 12.0\vc\include\swprintf.inl(85) : 'swprintf' の宣言を確認してください。
c:\users\ren\desktop\teama\gameproject\game_alpha\gameprogramming\cmain.cpp(78): warning C4996: 'swprintf': swprintf has been changed to conform with the ISO C standard, adding an extra character count parameter. To use traditional Microsoft swprintf, set _CRT_NON_CONFORMING_SWPRINTFS.
          c:\program files (x86)\microsoft visual studio 12.0\vc\include\swprintf.inl(85) : 'swprintf' の宣言を確認してください。
c:\users\ren\desktop\teama\gameproject\game_alpha\gameprogramming\cmain.cpp(80): warning C4996: 'swprintf': swprintf has been changed to conform with the ISO C standard, adding an extra character count parameter. To use traditional Microsoft swprintf, set _CRT_NON_CONFORMING_SWPRINTFS.
          c:\program files (x86)\microsoft visual studio 12.0\vc\include\swprintf.inl(85) : 'swprintf' の宣言を確認してください。
c:\users\ren\desktop\teama\gameproject\game_alpha\gameprogramming\cmain.cpp(82): warning C4996: 'swprintf': swprintf has been changed to conform with the ISO C standard, adding an extra character count parameter. To use traditional Microsoft swprintf, set _CRT_NON_CONFORMING_SWPRINTFS.
          c:\program files (x86)\microsoft visual studio 12.0\vc\include\swprintf.inl(85) : 'swprintf' の宣言を確認してください。
c:\users\ren\desktop\teama\gameproject\game_alpha\gameprogramming\cmain.cpp(88): warning C4996: 'sprintf': This function or variable may be unsafe. Consider using sprintf_s instead. To disable deprecation, use _CRT_SECURE_NO_WARNINGS. See online help for details.
          c:\program files (x86)\microsoft visual studio 12.0\vc\include\stdio.h(356) : 'sprintf' の宣言を確認してください。
  CMapJewelry.cpp
c:\users\ren\desktop\teama\gameproject\game_alpha\gameprogramming\csound.h(29): warning C4996: 'sprintf': This function or variable may be unsafe. Consider using sprintf_s instead. To disable deprecation, use _CRT_SECURE_NO_WARNINGS. See online help for details.
          c:\program files (x86)\microsoft visual studio 12.0\vc\include\stdio.h(356) : 'sprintf' の宣言を確認してください。
c:\users\ren\desktop\teama\gameproject\game_alpha\gameprogramming\csound.h(39): warning C4996: 'strcpy': This function or variable may be unsafe. Consider using strcpy_s instead. To disable deprecation, use _CRT_SECURE_NO_WARNINGS. See online help for details.
          c:\program files (x86)\microsoft visual studio 12.0\vc\include\string.h(112) : 'strcpy' の宣言を確認してください。
  CGame2.cpp
c:\users\ren\desktop\teama\gameproject\game_alpha\gameprogramming\csound.h(29): warning C4996: 'sprintf': This function or variable may be unsafe. Consider using sprintf_s instead. To disable deprecation, use _CRT_SECURE_NO_WARNINGS. See online help for details.
          c:\program files (x86)\microsoft visual studio 12.0\vc\include\stdio.h(356) : 'sprintf' の宣言を確認してください。
c:\users\ren\desktop\teama\gameproject\game_alpha\gameprogramming\csound.h(39): warning C4996: 'strcpy': This function or variable may be unsafe. Consider using strcpy_s instead. To disable deprecation, use _CRT_SECURE_NO_WARNINGS. See online help for details.
          c:\program files (x86)\microsoft visual studio 12.0\vc\include\string.h(112) : 'strcpy' の宣言を確認してください。
c:\users\ren\desktop\teama\gameproject\game_alpha\gameprogramming\cmapsign.h(49): warning C4996: 'swprintf': swprintf has been changed to conform with the ISO C standard, adding an extra character count parameter. To use traditional Microsoft swprintf, set _CRT_NON_CONFORMING_SWPRINTFS.
          c:\program files (x86)\microsoft visual studio 12.0\vc\include\swprintf.inl(85) : 'swprintf' の宣言を確認してください。
c:\users\ren\desktop\teama\gameproject\game_alpha\gameprogramming\cmapscroll.h(8): warning C4005: 'SCROLL_SPEED' : マクロが再定義されました。
          c:\users\ren\desktop\teama\gameproject\game_alpha\gameprogramming\cmap.h(16) : 'SCROLL_SPEED' の前の定義を確認してください
c:\users\ren\desktop\teama\gameproject\game_alpha\gameprogramming\cgame2.cpp(55): warning C4996: 'sprintf': This function or variable may be unsafe. Consider using sprintf_s instead. To disable deprecation, use _CRT_SECURE_NO_WARNINGS. See online help for details.
          c:\program files (x86)\microsoft visual studio 12.0\vc\include\stdio.h(356) : 'sprintf' の宣言を確認してください。
c:\users\ren\desktop\teama\gameproject\game_alpha\gameprogramming\cgame2.cpp(62): warning C4996: 'fopen': This function or variable may be unsafe. Consider using fopen_s instead. To disable deprecation, use _CRT_SECURE_NO_WARNINGS. See online help for details.
          c:\program files (x86)\microsoft visual studio 12.0\vc\include\stdio.h(211) : 'fopen' の宣言を確認してください。
c:\users\ren\desktop\teama\gameproject\game_alpha\gameprogramming\cgame2.cpp(81): warning C4996: 'sprintf': This function or variable may be unsafe. Consider using sprintf_s instead. To disable deprecation, use _CRT_SECURE_NO_WARNINGS. See online help for details.
          c:\program files (x86)\microsoft visual studio 12.0\vc\include\stdio.h(356) : 'sprintf' の宣言を確認してください。
c:\users\ren\desktop\teama\gameproject\game_alpha\gameprogramming\cgame2.cpp(183): warning C4996: 'swprintf': swprintf has been changed to conform with the ISO C standard, adding an extra character count parameter. To use traditional Microsoft swprintf, set _CRT_NON_CONFORMING_SWPRINTFS.
          c:\program files (x86)\microsoft visual studio 12.0\vc\include\swprintf.inl(85) : 'swprintf' の宣言を確認してください。
c:\users\ren\desktop\teama\gameproject\game_alpha\gameprogramming\cgame2.cpp(192): warning C4996: 'swprintf': swprintf has been changed to conform with the ISO C standard, adding an extra character count parameter. To use traditional Microsoft swprintf, set _CRT_NON_CONFORMING_SWPRINTFS.
          c:\program files (x86)\microsoft visual studio 12.0\vc\include\swprintf.inl(85) : 'swprintf' の宣言を確認してください。
c:\users\ren\desktop\teama\gameproject\game_alpha\gameprogramming\cgame2.cpp(205): warning C4996: 'swprintf': swprintf has been changed to conform with the ISO C standard, adding an extra character count parameter. To use traditional Microsoft swprintf, set _CRT_NON_CONFORMING_SWPRINTFS.
          c:\program files (x86)\microsoft visual studio 12.0\vc\include\swprintf.inl(85) : 'swprintf' の宣言を確認してください。
c:\users\ren\desktop\teama\gameproject\game_alpha\gameprogramming\cgame2.cpp(210): warning C4996: 'swprintf': swprintf has been changed to conform with the ISO C standard, adding an extra character count parameter. To use traditional Microsoft swprintf, set _CRT_NON_CONFORMING_SWPRINTFS.
          c:\program files (x86)\microsoft visual studio 12.0\vc\include\swprintf.inl(85) : 'swprintf' の宣言を確認してください。
c:\users\ren\desktop\teama\gameproject\game_alpha\gameprogramming\cgame2.cpp(215): warning C4996: 'swprintf': swprintf has been changed to conform with the ISO C standard, adding an extra character count parameter. To use traditional Microsoft swprintf, set _CRT_NON_CONFORMING_SWPRINTFS.
          c:\program files (x86)\microsoft visual studio 12.0\vc\include\swprintf.inl(85) : 'swprintf' の宣言を確認してください。
c:\users\ren\desktop\teama\gameproject\game_alpha\gameprogramming\cgame2.cpp(220): warning C4996: 'swprintf': swprintf has been changed to conform with the ISO C standard, adding an extra character count parameter. To use traditional Microsoft swprintf, set _CRT_NON_CONFORMING_SWPRINTFS.
          c:\program files (x86)\microsoft visual studio 12.0\vc\include\swprintf.inl(85) : 'swprintf' の宣言を確認してください。
  CMapUnder.cpp
c:\users\ren\desktop\teama\gameproject\game_alpha\gameprogramming\csound.h(29): warning C4996: 'sprintf': This function or variable may be unsafe. Consider using sprintf_s instead. To disable deprecation, use _CRT_SECURE_NO_WARNINGS. See online help for details.
          c:\program files (x86)\microsoft visual studio 12.0\vc\include\stdio.h(356) : 'sprintf' の宣言を確認してください。
c:\users\ren\desktop\teama\gameproject\game_alpha\gameprogramming\csound.h(39): warning C4996: 'strcpy': This function or variable may be unsafe. Consider using strcpy_s instead. To disable deprecation, use _CRT_SECURE_NO_WARNINGS. See online help for details.
          c:\program files (x86)\microsoft visual studio 12.0\vc\include\string.h(112) : 'strcpy' の宣言を確認してください。
c:\users\ren\desktop\teama\gameproject\game_alpha\gameprogramming\cmapunder.cpp(20): warning C4554: '|' : 演算子の優先順位に問題があります。かっこを使用して優先順位を明確にしてください
  CMapSwitchGround.cpp
c:\users\ren\desktop\teama\gameproject\game_alpha\gameprogramming\csound.h(29): warning C4996: 'sprintf': This function or variable may be unsafe. Consider using sprintf_s instead. To disable deprecation, use _CRT_SECURE_NO_WARNINGS. See online help for details.
          c:\program files (x86)\microsoft visual studio 12.0\vc\include\stdio.h(356) : 'sprintf' の宣言を確認してください。
c:\users\ren\desktop\teama\gameproject\game_alpha\gameprogramming\csound.h(39): warning C4996: 'strcpy': This function or variable may be unsafe. Consider using strcpy_s instead. To disable deprecation, use _CRT_SECURE_NO_WARNINGS. See online help for details.
          c:\program files (x86)\microsoft visual studio 12.0\vc\include\string.h(112) : 'strcpy' の宣言を確認してください。
c:\users\ren\desktop\teama\gameproject\game_alpha\gameprogramming\cmapswitchground.cpp(19): warning C4554: '|' : 演算子の優先順位に問題があります。かっこを使用して優先順位を明確にしてください
  CMapCheckPoint.cpp
c:\users\ren\desktop\teama\gameproject\game_alpha\gameprogramming\csound.h(29): warning C4996: 'sprintf': This function or variable may be unsafe. Consider using sprintf_s instead. To disable deprecation, use _CRT_SECURE_NO_WARNINGS. See online help for details.
          c:\program files (x86)\microsoft visual studio 12.0\vc\include\stdio.h(356) : 'sprintf' の宣言を確認してください。
c:\users\ren\desktop\teama\gameproject\game_alpha\gameprogramming\csound.h(39): warning C4996: 'strcpy': This function or variable may be unsafe. Consider using strcpy_s instead. To disable deprecation, use _CRT_SECURE_NO_WARNINGS. See online help for details.
          c:\program files (x86)\microsoft visual studio 12.0\vc\include\string.h(112) : 'strcpy' の宣言を確認してください。
  CMapBackImage.cpp
c:\users\ren\desktop\teama\gameproject\game_alpha\gameprogramming\csound.h(29): warning C4996: 'sprintf': This function or variable may be unsafe. Consider using sprintf_s instead. To disable deprecation, use _CRT_SECURE_NO_WARNINGS. See online help for details.
          c:\program files (x86)\microsoft visual studio 12.0\vc\include\stdio.h(356) : 'sprintf' の宣言を確認してください。
c:\users\ren\desktop\teama\gameproject\game_alpha\gameprogramming\csound.h(39): warning C4996: 'strcpy': This function or variable may be unsafe. Consider using strcpy_s instead. To disable deprecation, use _CRT_SECURE_NO_WARNINGS. See online help for details.
          c:\program files (x86)\microsoft visual studio 12.0\vc\include\string.h(112) : 'strcpy' の宣言を確認してください。
c:\users\ren\desktop\teama\gameproject\game_alpha\gameprogramming\cmapscroll.h(8): warning C4005: 'SCROLL_SPEED' : マクロが再定義されました。
          c:\users\ren\desktop\teama\gameproject\game_alpha\gameprogramming\cmap.h(16) : 'SCROLL_SPEED' の前の定義を確認してください
  CFileIO.cpp
c:\users\ren\desktop\teama\gameproject\game_alpha\gameprogramming\csound.h(29): warning C4996: 'sprintf': This function or variable may be unsafe. Consider using sprintf_s instead. To disable deprecation, use _CRT_SECURE_NO_WARNINGS. See online help for details.
          c:\program files (x86)\microsoft visual studio 12.0\vc\include\stdio.h(356) : 'sprintf' の宣言を確認してください。
c:\users\ren\desktop\teama\gameproject\game_alpha\gameprogramming\csound.h(39): warning C4996: 'strcpy': This function or variable may be unsafe. Consider using strcpy_s instead. To disable deprecation, use _CRT_SECURE_NO_WARNINGS. See online help for details.
          c:\program files (x86)\microsoft visual studio 12.0\vc\include\string.h(112) : 'strcpy' の宣言を確認してください。
c:\users\ren\desktop\teama\gameproject\game_alpha\gameprogramming\cfileio.cpp(22): warning C4996: 'sprintf': This function or variable may be unsafe. Consider using sprintf_s instead. To disable deprecation, use _CRT_SECURE_NO_WARNINGS. See online help for details.
          c:\program files (x86)\microsoft visual studio 12.0\vc\include\stdio.h(356) : 'sprintf' の宣言を確認してください。
c:\users\ren\desktop\teama\gameproject\game_alpha\gameprogramming\cfileio.cpp(24): warning C4996: 'sprintf': This function or variable may be unsafe. Consider using sprintf_s instead. To disable deprecation, use _CRT_SECURE_NO_WARNINGS. See online help for details.
          c:\program files (x86)\microsoft visual studio 12.0\vc\include\stdio.h(356) : 'sprintf' の宣言を確認してください。
c:\users\ren\desktop\teama\gameproject\game_alpha\gameprogramming\cfileio.cpp(26): warning C4996: 'sprintf': This function or variable may be unsafe. Consider using sprintf_s instead. To disable deprecation, use _CRT_SECURE_NO_WARNINGS. See online help for details.
          c:\program files (x86)\microsoft visual studio 12.0\vc\include\stdio.h(356) : 'sprintf' の宣言を確認してください。
c:\users\ren\desktop\teama\gameproject\game_alpha\gameprogramming\cfileio.cpp(31): warning C4996: 'fopen': This function or variable may be unsafe. Consider using fopen_s instead. To disable deprecation, use _CRT_SECURE_NO_WARNINGS. See online help for details.
          c:\program files (x86)\microsoft visual studio 12.0\vc\include\stdio.h(211) : 'fopen' の宣言を確認してください。
c:\users\ren\desktop\teama\gameproject\game_alpha\gameprogramming\cfileio.cpp(48): warning C4996: 'sprintf': This function or variable may be unsafe. Consider using sprintf_s instead. To disable deprecation, use _CRT_SECURE_NO_WARNINGS. See online help for details.
          c:\program files (x86)\microsoft visual studio 12.0\vc\include\stdio.h(356) : 'sprintf' の宣言を確認してください。
c:\users\ren\desktop\teama\gameproject\game_alpha\gameprogramming\cfileio.cpp(56): warning C4996: 'sprintf': This function or variable may be unsafe. Consider using sprintf_s instead. To disable deprecation, use _CRT_SECURE_NO_WARNINGS. See online help for details.
          c:\program files (x86)\microsoft visual studio 12.0\vc\include\stdio.h(356) : 'sprintf' の宣言を確認してください。
c:\users\ren\desktop\teama\gameproject\game_alpha\gameprogramming\cfileio.cpp(63): warning C4996: 'fopen': This function or variable may be unsafe. Consider using fopen_s instead. To disable deprecation, use _CRT_SECURE_NO_WARNINGS. See online help for details.
          c:\program files (x86)\microsoft visual studio 12.0\vc\include\stdio.h(211) : 'fopen' の宣言を確認してください。
c:\users\ren\desktop\teama\gameproject\game_alpha\gameprogramming\cfileio.cpp(80): warning C4996: 'sprintf': This function or variable may be unsafe. Consider using sprintf_s instead. To disable deprecation, use _CRT_SECURE_NO_WARNINGS. See online help for details.
          c:\program files (x86)\microsoft visual studio 12.0\vc\include\stdio.h(356) : 'sprintf' の宣言を確認してください。
c:\users\ren\desktop\teama\gameproject\game_alpha\gameprogramming\cfileio.cpp(88): warning C4996: 'sprintf': This function or variable may be unsafe. Consider using sprintf_s instead. To disable deprecation, use _CRT_SECURE_NO_WARNINGS. See online help for details.
          c:\program files (x86)\microsoft visual studio 12.0\vc\include\stdio.h(356) : 'sprintf' の宣言を確認してください。
c:\users\ren\desktop\teama\gameproject\game_alpha\gameprogramming\cfileio.cpp(95): warning C4996: 'fopen': This function or variable may be unsafe. Consider using fopen_s instead. To disable deprecation, use _CRT_SECURE_NO_WARNINGS. See online help for details.
          c:\program files (x86)\microsoft visual studio 12.0\vc\include\stdio.h(211) : 'fopen' の宣言を確認してください。
c:\users\ren\desktop\teama\gameproject\game_alpha\gameprogramming\cfileio.cpp(107): warning C4996: 'sprintf': This function or variable may be unsafe. Consider using sprintf_s instead. To disable deprecation, use _CRT_SECURE_NO_WARNINGS. See online help for details.
          c:\program files (x86)\microsoft visual studio 12.0\vc\include\stdio.h(356) : 'sprintf' の宣言を確認してください。
c:\users\ren\desktop\teama\gameproject\game_alpha\gameprogramming\cfileio.cpp(138): warning C4996: 'sprintf': This function or variable may be unsafe. Consider using sprintf_s instead. To disable deprecation, use _CRT_SECURE_NO_WARNINGS. See online help for details.
          c:\program files (x86)\microsoft visual studio 12.0\vc\include\stdio.h(356) : 'sprintf' の宣言を確認してください。
c:\users\ren\desktop\teama\gameproject\game_alpha\gameprogramming\cfileio.cpp(169): warning C4996: 'sprintf': This function or variable may be unsafe. Consider using sprintf_s instead. To disable deprecation, use _CRT_SECURE_NO_WARNINGS. See online help for details.
          c:\program files (x86)\microsoft visual studio 12.0\vc\include\stdio.h(356) : 'sprintf' の宣言を確認してください。
  CCharcter.cpp
c:\program files (x86)\windows kits\8.1\include\shared\minwindef.h(130): warning C4005: 'APIENTRY' : マクロが再定義されました。
          c:\users\ren\desktop\teama\gameproject\game_alpha\gameprogramming\include\glfw\glfw3.h(98) : 'APIENTRY' の前の定義を確認してください
c:\users\ren\desktop\teama\gameproject\game_alpha\gameprogramming\csound.h(29): warning C4996: 'sprintf': This function or variable may be unsafe. Consider using sprintf_s instead. To disable deprecation, use _CRT_SECURE_NO_WARNINGS. See online help for details.
          c:\program files (x86)\microsoft visual studio 12.0\vc\include\stdio.h(356) : 'sprintf' の宣言を確認してください。
c:\users\ren\desktop\teama\gameproject\game_alpha\gameprogramming\csound.h(39): warning C4996: 'strcpy': This function or variable may be unsafe. Consider using strcpy_s instead. To disable deprecation, use _CRT_SECURE_NO_WARNINGS. See online help for details.
          c:\program files (x86)\microsoft visual studio 12.0\vc\include\string.h(112) : 'strcpy' の宣言を確認してください。
  コードを生成中...
  スキップ中... (関連する変更は検出されませんでした)
  CCollision.cpp
LINK : warning LNK4098: defaultlib 'MSVCRT' は他のライブラリの使用と競合しています。/NODEFAULTLIB:library を使用してください。
  GameProgramming.vcxproj -> C:\Users\Ren\Desktop\TEAMA\GameProject\Game_alpha\Debug\GameProgramming.exe
